# JRE version: OpenJDK Runtime Environment (21.0.5) (build 21.0.5+-13047016-b750.29)
# Java VM: OpenJDK 64-Bit Server VM (21.0.5+-13047016-b750.29, mixed mode, tiered, compressed oops, compressed class ptrs, g1 gc, windows-amd64)
GC Precious Log:
 CardTable entry size: 512
 Card Set container configuration: InlinePtr #cards 5 size 8 Array Of Cards #cards 12 size 40 Howl #buckets 4 coarsen threshold 1843 Howl Bitmap #cards 512 size 80 coarsen threshold 460 Card regions per heap region 1 cards per card region 2048
 CPUs: 22 total, 22 available
 Memory: 32220M
 Large Page Support: Disabled
 NUMA Support: Disabled
 Compressed Oops: Enabled (32-bit)
 Heap Region Size: 1M
 Heap Min Capacity: 8M
 Heap Initial Capacity: 504M
 Heap Max Capacity: 2G
 Pre-touch: Disabled
 Parallel Workers: 16
 Concurrent Workers: 4
 Concurrent Refinement Workers: 16
 Periodic GC: Disabled
Heap:
 garbage-first heap   total 350208K, used 228512K [0x0000000080000000, 0x0000000100000000)
  region size 1024K, 11 young (11264K), 10 survivors (10240K)
 Metaspace       used 177861K, committed 180608K, reserved 1245184K
  class space    used 22584K, committed 24000K, reserved 1048576K
GC Heap History (20 events):
Event: 17.714 GC heap before
{Heap before GC invocations=21 (full 0):
 garbage-first heap   total 307200K, used 188918K [0x0000000080000000, 0x0000000100000000)
  region size 1024K, 68 young (69632K), 10 survivors (10240K)
 Metaspace       used 110193K, committed 112320K, reserved 1179648K
  class space    used 14954K, committed 16000K, reserved 1048576K
}
Event: 17.719 GC heap after
{Heap after GC invocations=22 (full 0):
 garbage-first heap   total 307200K, used 132222K [0x0000000080000000, 0x0000000100000000)
  region size 1024K, 12 young (12288K), 12 survivors (12288K)
 Metaspace       used 110193K, committed 112320K, reserved 1179648K
  class space    used 14954K, committed 16000K, reserved 1048576K
}
Event: 18.825 GC heap before
{Heap before GC invocations=23 (full 0):
 garbage-first heap   total 307200K, used 291966K [0x0000000080000000, 0x0000000100000000)
  region size 1024K, 155 young (158720K), 12 survivors (12288K)
 Metaspace       used 115536K, committed 117632K, reserved 1179648K
  class space    used 15516K, committed 16576K, reserved 1048576K
}
Event: 18.848 GC heap after
{Heap after GC invocations=24 (full 0):
 garbage-first heap   total 336896K, used 170828K [0x0000000080000000, 0x0000000100000000)
  region size 1024K, 20 young (20480K), 20 survivors (20480K)
 Metaspace       used 115536K, committed 117632K, reserved 1179648K
  class space    used 15516K, committed 16576K, reserved 1048576K
}
Event: 20.609 GC heap before
{Heap before GC invocations=24 (full 0):
 garbage-first heap   total 336896K, used 295756K [0x0000000080000000, 0x0000000100000000)
  region size 1024K, 142 young (145408K), 20 survivors (20480K)
 Metaspace       used 130597K, committed 132992K, reserved 1179648K
  class space    used 17223K, committed 18432K, reserved 1048576K
}
Event: 20.630 GC heap after
{Heap after GC invocations=25 (full 0):
 garbage-first heap   total 336896K, used 181462K [0x0000000080000000, 0x0000000100000000)
  region size 1024K, 11 young (11264K), 11 survivors (11264K)
 Metaspace       used 130597K, committed 132992K, reserved 1179648K
  class space    used 17223K, committed 18432K, reserved 1048576K
}
Event: 22.045 GC heap before
{Heap before GC invocations=25 (full 0):
 garbage-first heap   total 336896K, used 300246K [0x0000000080000000, 0x0000000100000000)
  region size 1024K, 127 young (130048K), 11 survivors (11264K)
 Metaspace       used 136237K, committed 138688K, reserved 1179648K
  class space    used 17800K, committed 19008K, reserved 1048576K
}
Event: 22.053 GC heap after
{Heap after GC invocations=26 (full 0):
 garbage-first heap   total 336896K, used 189782K [0x0000000080000000, 0x0000000100000000)
  region size 1024K, 11 young (11264K), 11 survivors (11264K)
 Metaspace       used 136237K, committed 138688K, reserved 1179648K
  class space    used 17800K, committed 19008K, reserved 1048576K
}
Event: 24.496 GC heap before
{Heap before GC invocations=27 (full 0):
 garbage-first heap   total 336896K, used 302422K [0x0000000080000000, 0x0000000100000000)
  region size 1024K, 122 young (124928K), 11 survivors (11264K)
 Metaspace       used 150845K, committed 153280K, reserved 1245184K
  class space    used 19191K, committed 20416K, reserved 1048576K
}
Event: 24.508 GC heap after
{Heap after GC invocations=28 (full 0):
 garbage-first heap   total 336896K, used 197345K [0x0000000080000000, 0x0000000100000000)
  region size 1024K, 7 young (7168K), 7 survivors (7168K)
 Metaspace       used 150845K, committed 153280K, reserved 1245184K
  class space    used 19191K, committed 20416K, reserved 1048576K
}
Event: 26.447 GC heap before
{Heap before GC invocations=28 (full 0):
 garbage-first heap   total 336896K, used 307937K [0x0000000080000000, 0x0000000100000000)
  region size 1024K, 115 young (117760K), 7 survivors (7168K)
 Metaspace       used 163587K, committed 166080K, reserved 1245184K
  class space    used 20555K, committed 21824K, reserved 1048576K
}
Event: 26.453 GC heap after
{Heap after GC invocations=29 (full 0):
 garbage-first heap   total 336896K, used 198795K [0x0000000080000000, 0x0000000100000000)
  region size 1024K, 10 young (10240K), 10 survivors (10240K)
 Metaspace       used 163587K, committed 166080K, reserved 1245184K
  class space    used 20555K, committed 21824K, reserved 1048576K
}
Event: 28.038 GC heap before
{Heap before GC invocations=29 (full 0):
 garbage-first heap   total 336896K, used 307339K [0x0000000080000000, 0x0000000100000000)
  region size 1024K, 117 young (119808K), 10 survivors (10240K)
 Metaspace       used 171343K, committed 174016K, reserved 1245184K
  class space    used 21731K, committed 23104K, reserved 1048576K
}
Event: 28.051 GC heap after
{Heap after GC invocations=30 (full 0):
 garbage-first heap   total 336896K, used 198027K [0x0000000080000000, 0x0000000100000000)
  region size 1024K, 10 young (10240K), 10 survivors (10240K)
 Metaspace       used 171343K, committed 174016K, reserved 1245184K
  class space    used 21731K, committed 23104K, reserved 1048576K
}
Event: 29.892 GC heap before
{Heap before GC invocations=31 (full 0):
 garbage-first heap   total 336896K, used 328075K [0x0000000080000000, 0x0000000100000000)
  region size 1024K, 118 young (120832K), 10 survivors (10240K)
 Metaspace       used 177859K, committed 180608K, reserved 1245184K
  class space    used 22584K, committed 24000K, reserved 1048576K
}
Event: 30.013 GC heap after
{Heap after GC invocations=32 (full 0):
 garbage-first heap   total 350208K, used 223361K [0x0000000080000000, 0x0000000100000000)
  region size 1024K, 15 young (15360K), 15 survivors (15360K)
 Metaspace       used 177859K, committed 180608K, reserved 1245184K
  class space    used 22584K, committed 24000K, reserved 1048576K
}
Event: 30.752 GC heap before
{Heap before GC invocations=32 (full 0):
 garbage-first heap   total 350208K, used 315521K [0x0000000080000000, 0x0000000100000000)
  region size 1024K, 105 young (107520K), 15 survivors (15360K)
 Metaspace       used 177860K, committed 180608K, reserved 1245184K
  class space    used 22584K, committed 24000K, reserved 1048576K
}
Event: 30.760 GC heap after
{Heap after GC invocations=33 (full 0):
 garbage-first heap   total 350208K, used 225559K [0x0000000080000000, 0x0000000100000000)
  region size 1024K, 6 young (6144K), 6 survivors (6144K)
 Metaspace       used 177860K, committed 180608K, reserved 1245184K
  class space    used 22584K, committed 24000K, reserved 1048576K
}
Event: 31.730 GC heap before
{Heap before GC invocations=33 (full 0):
 garbage-first heap   total 350208K, used 324887K [0x0000000080000000, 0x0000000100000000)
  region size 1024K, 103 young (105472K), 6 survivors (6144K)
 Metaspace       used 177861K, committed 180608K, reserved 1245184K
  class space    used 22584K, committed 24000K, reserved 1048576K
}
Event: 31.736 GC heap after
{Heap after GC invocations=34 (full 0):
 garbage-first heap   total 350208K, used 229536K [0x0000000080000000, 0x0000000100000000)
  region size 1024K, 10 young (10240K), 10 survivors (10240K)
 Metaspace       used 177861K, committed 180608K, reserved 1245184K
  class space    used 22584K, committed 24000K, reserved 1048576K
}

