# JRE version: OpenJDK Runtime Environment (21.0.5) (build 21.0.5+-13047016-b750.29)
# Java VM: OpenJDK 64-Bit Server VM (21.0.5+-13047016-b750.29, mixed mode, tiered, compressed oops, compressed class ptrs, g1 gc, windows-amd64)
GC Precious Log:
 CardTable entry size: 512
 Card Set container configuration: InlinePtr #cards 5 size 8 Array Of Cards #cards 12 size 40 Howl #buckets 4 coarsen threshold 1843 Howl Bitmap #cards 512 size 80 coarsen threshold 460 Card regions per heap region 1 cards per card region 2048
 CPUs: 22 total, 22 available
 Memory: 32220M
 Large Page Support: Disabled
 NUMA Support: Disabled
 Compressed Oops: Enabled (32-bit)
 Heap Region Size: 1M
 Heap Min Capacity: 8M
 Heap Initial Capacity: 504M
 Heap Max Capacity: 2G
 Pre-touch: Disabled
 Parallel Workers: 16
 Concurrent Workers: 4
 Concurrent Refinement Workers: 16
 Periodic GC: Disabled
Heap:
 garbage-first heap   total 367616K, used 239095K [0x0000000080000000, 0x0000000100000000)
  region size 1024K, 33 young (33792K), 13 survivors (13312K)
 Metaspace       used 156352K, committed 158848K, reserved 1245184K
  class space    used 20633K, committed 21888K, reserved 1048576K
GC Heap History (20 events):
Event: 25.490 GC heap before
{Heap before GC invocations=31 (full 0):
 garbage-first heap   total 319488K, used 289204K [0x0000000080000000, 0x0000000100000000)
  region size 1024K, 120 young (122880K), 11 survivors (11264K)
 Metaspace       used 115423K, committed 117696K, reserved 1179648K
  class space    used 15440K, committed 16576K, reserved 1048576K
}
Event: 25.497 GC heap after
{Heap after GC invocations=32 (full 0):
 garbage-first heap   total 319488K, used 181631K [0x0000000080000000, 0x0000000100000000)
  region size 1024K, 11 young (11264K), 11 survivors (11264K)
 Metaspace       used 115423K, committed 117696K, reserved 1179648K
  class space    used 15440K, committed 16576K, reserved 1048576K
}
Event: 27.210 GC heap before
{Heap before GC invocations=33 (full 0):
 garbage-first heap   total 319488K, used 298367K [0x0000000080000000, 0x0000000100000000)
  region size 1024K, 116 young (118784K), 11 survivors (11264K)
 Metaspace       used 127674K, committed 129984K, reserved 1179648K
  class space    used 17298K, committed 18432K, reserved 1048576K
}
Event: 27.217 GC heap after
{Heap after GC invocations=34 (full 0):
 garbage-first heap   total 319488K, used 184941K [0x0000000080000000, 0x0000000100000000)
  region size 1024K, 10 young (10240K), 10 survivors (10240K)
 Metaspace       used 127674K, committed 129984K, reserved 1179648K
  class space    used 17298K, committed 18432K, reserved 1048576K
}
Event: 28.713 GC heap before
{Heap before GC invocations=34 (full 0):
 garbage-first heap   total 319488K, used 291437K [0x0000000080000000, 0x0000000100000000)
  region size 1024K, 113 young (115712K), 10 survivors (10240K)
 Metaspace       used 137105K, committed 139456K, reserved 1179648K
  class space    used 18598K, committed 19776K, reserved 1048576K
}
Event: 28.721 GC heap after
{Heap after GC invocations=35 (full 0):
 garbage-first heap   total 319488K, used 193430K [0x0000000080000000, 0x0000000100000000)
  region size 1024K, 14 young (14336K), 14 survivors (14336K)
 Metaspace       used 137105K, committed 139456K, reserved 1179648K
  class space    used 18598K, committed 19776K, reserved 1048576K
}
Event: 29.451 GC heap before
{Heap before GC invocations=35 (full 0):
 garbage-first heap   total 319488K, used 285590K [0x0000000080000000, 0x0000000100000000)
  region size 1024K, 105 young (107520K), 14 survivors (14336K)
 Metaspace       used 137518K, committed 139904K, reserved 1179648K
  class space    used 18617K, committed 19776K, reserved 1048576K
}
Event: 29.457 GC heap after
{Heap after GC invocations=36 (full 0):
 garbage-first heap   total 319488K, used 193732K [0x0000000080000000, 0x0000000100000000)
  region size 1024K, 8 young (8192K), 8 survivors (8192K)
 Metaspace       used 137518K, committed 139904K, reserved 1179648K
  class space    used 18617K, committed 19776K, reserved 1048576K
}
Event: 29.889 GC heap before
{Heap before GC invocations=37 (full 0):
 garbage-first heap   total 324608K, used 293060K [0x0000000080000000, 0x0000000100000000)
  region size 1024K, 105 young (107520K), 8 survivors (8192K)
 Metaspace       used 137518K, committed 139904K, reserved 1179648K
  class space    used 18617K, committed 19776K, reserved 1048576K
}
Event: 29.895 GC heap after
{Heap after GC invocations=38 (full 0):
 garbage-first heap   total 324608K, used 193509K [0x0000000080000000, 0x0000000100000000)
  region size 1024K, 8 young (8192K), 8 survivors (8192K)
 Metaspace       used 137518K, committed 139904K, reserved 1179648K
  class space    used 18617K, committed 19776K, reserved 1048576K
}
Event: 31.032 GC heap before
{Heap before GC invocations=38 (full 0):
 garbage-first heap   total 324608K, used 297957K [0x0000000080000000, 0x0000000100000000)
  region size 1024K, 110 young (112640K), 8 survivors (8192K)
 Metaspace       used 140743K, committed 143168K, reserved 1179648K
  class space    used 18984K, committed 20224K, reserved 1048576K
}
Event: 31.038 GC heap after
{Heap after GC invocations=39 (full 0):
 garbage-first heap   total 324608K, used 191229K [0x0000000080000000, 0x0000000100000000)
  region size 1024K, 8 young (8192K), 8 survivors (8192K)
 Metaspace       used 140743K, committed 143168K, reserved 1179648K
  class space    used 18984K, committed 20224K, reserved 1048576K
}
Event: 36.210 GC heap before
{Heap before GC invocations=39 (full 0):
 garbage-first heap   total 324608K, used 297725K [0x0000000080000000, 0x0000000100000000)
  region size 1024K, 113 young (115712K), 8 survivors (8192K)
 Metaspace       used 141705K, committed 144128K, reserved 1179648K
  class space    used 19061K, committed 20288K, reserved 1048576K
}
Event: 36.219 GC heap after
{Heap after GC invocations=40 (full 0):
 garbage-first heap   total 324608K, used 198139K [0x0000000080000000, 0x0000000100000000)
  region size 1024K, 15 young (15360K), 15 survivors (15360K)
 Metaspace       used 141705K, committed 144128K, reserved 1179648K
  class space    used 19061K, committed 20288K, reserved 1048576K
}
Event: 38.848 GC heap before
{Heap before GC invocations=41 (full 0):
 garbage-first heap   total 331776K, used 290299K [0x0000000080000000, 0x0000000100000000)
  region size 1024K, 106 young (108544K), 15 survivors (15360K)
 Metaspace       used 148110K, committed 150592K, reserved 1179648K
  class space    used 19787K, committed 21056K, reserved 1048576K
}
Event: 38.859 GC heap after
{Heap after GC invocations=42 (full 0):
 garbage-first heap   total 331776K, used 207807K [0x0000000080000000, 0x0000000100000000)
  region size 1024K, 11 young (11264K), 11 survivors (11264K)
 Metaspace       used 148110K, committed 150592K, reserved 1179648K
  class space    used 19787K, committed 21056K, reserved 1048576K
}
Event: 76.690 GC heap before
{Heap before GC invocations=42 (full 0):
 garbage-first heap   total 331776K, used 300991K [0x0000000080000000, 0x0000000100000000)
  region size 1024K, 103 young (105472K), 11 survivors (11264K)
 Metaspace       used 153091K, committed 155584K, reserved 1245184K
  class space    used 20213K, committed 21504K, reserved 1048576K
}
Event: 76.708 GC heap after
{Heap after GC invocations=43 (full 0):
 garbage-first heap   total 331776K, used 208677K [0x0000000080000000, 0x0000000100000000)
  region size 1024K, 5 young (5120K), 5 survivors (5120K)
 Metaspace       used 153091K, committed 155584K, reserved 1245184K
  class space    used 20213K, committed 21504K, reserved 1048576K
}
Event: 78.088 GC heap before
{Heap before GC invocations=43 (full 0):
 garbage-first heap   total 331776K, used 306981K [0x0000000080000000, 0x0000000100000000)
  region size 1024K, 102 young (104448K), 5 survivors (5120K)
 Metaspace       used 156336K, committed 158848K, reserved 1245184K
  class space    used 20633K, committed 21888K, reserved 1048576K
}
Event: 78.096 GC heap after
{Heap after GC invocations=44 (full 0):
 garbage-first heap   total 331776K, used 219639K [0x0000000080000000, 0x0000000100000000)
  region size 1024K, 13 young (13312K), 13 survivors (13312K)
 Metaspace       used 156336K, committed 158848K, reserved 1245184K
  class space    used 20633K, committed 21888K, reserved 1048576K
}

