# JRE version: OpenJDK Runtime Environment (21.0.5) (build 21.0.5+-13047016-b750.29)
# Java VM: OpenJDK 64-Bit Server VM (21.0.5+-13047016-b750.29, mixed mode, tiered, compressed oops, compressed class ptrs, g1 gc, windows-amd64)
GC Precious Log:
 CardTable entry size: 512
 Card Set container configuration: InlinePtr #cards 5 size 8 Array Of Cards #cards 12 size 40 Howl #buckets 4 coarsen threshold 1843 Howl Bitmap #cards 512 size 80 coarsen threshold 460 Card regions per heap region 1 cards per card region 2048
 CPUs: 22 total, 22 available
 Memory: 32220M
 Large Page Support: Disabled
 NUMA Support: Disabled
 Compressed Oops: Enabled (32-bit)
 Heap Region Size: 1M
 Heap Min Capacity: 8M
 Heap Initial Capacity: 504M
 Heap Max Capacity: 2G
 Pre-touch: Disabled
 Parallel Workers: 16
 Concurrent Workers: 4
 Concurrent Refinement Workers: 16
 Periodic GC: Disabled
Heap:
 garbage-first heap   total 327680K, used 239833K [0x0000000080000000, 0x0000000100000000)
  region size 1024K, 54 young (55296K), 10 survivors (10240K)
 Metaspace       used 160674K, committed 163200K, reserved 1245184K
  class space    used 20177K, committed 21440K, reserved 1048576K
GC Heap History (20 events):
Event: 20.441 GC heap before
{Heap before GC invocations=24 (full 0):
 garbage-first heap   total 302080K, used 150999K [0x0000000080000000, 0x0000000100000000)
  region size 1024K, 21 young (21504K), 18 survivors (18432K)
 Metaspace       used 132496K, committed 134720K, reserved 1179648K
  class space    used 16955K, committed 18112K, reserved 1048576K
}
Event: 20.449 GC heap after
{Heap after GC invocations=25 (full 0):
 garbage-first heap   total 302080K, used 152576K [0x0000000080000000, 0x0000000100000000)
  region size 1024K, 2 young (2048K), 2 survivors (2048K)
 Metaspace       used 132496K, committed 134720K, reserved 1179648K
  class space    used 16955K, committed 18112K, reserved 1048576K
}
Event: 22.196 GC heap before
{Heap before GC invocations=26 (full 0):
 garbage-first heap   total 302080K, used 271360K [0x0000000080000000, 0x0000000100000000)
  region size 1024K, 103 young (105472K), 2 survivors (2048K)
 Metaspace       used 134039K, committed 136320K, reserved 1179648K
  class space    used 17064K, committed 18240K, reserved 1048576K
}
Event: 22.202 GC heap after
{Heap after GC invocations=27 (full 0):
 garbage-first heap   total 302080K, used 179005K [0x0000000080000000, 0x0000000100000000)
  region size 1024K, 13 young (13312K), 13 survivors (13312K)
 Metaspace       used 134039K, committed 136320K, reserved 1179648K
  class space    used 17064K, committed 18240K, reserved 1048576K
}
Event: 33.565 GC heap before
{Heap before GC invocations=27 (full 0):
 garbage-first heap   total 302080K, used 262973K [0x0000000080000000, 0x0000000100000000)
  region size 1024K, 95 young (97280K), 13 survivors (13312K)
 Metaspace       used 134653K, committed 136896K, reserved 1179648K
  class space    used 17087K, committed 18240K, reserved 1048576K
}
Event: 33.571 GC heap after
{Heap after GC invocations=28 (full 0):
 garbage-first heap   total 302080K, used 183928K [0x0000000080000000, 0x0000000100000000)
  region size 1024K, 9 young (9216K), 9 survivors (9216K)
 Metaspace       used 134653K, committed 136896K, reserved 1179648K
  class space    used 17087K, committed 18240K, reserved 1048576K
}
Event: 33.656 GC heap before
{Heap before GC invocations=28 (full 0):
 garbage-first heap   total 302080K, used 195192K [0x0000000080000000, 0x0000000100000000)
  region size 1024K, 21 young (21504K), 9 survivors (9216K)
 Metaspace       used 134706K, committed 136960K, reserved 1179648K
  class space    used 17087K, committed 18240K, reserved 1048576K
}
Event: 33.661 GC heap after
{Heap after GC invocations=29 (full 0):
 garbage-first heap   total 302080K, used 187739K [0x0000000080000000, 0x0000000100000000)
  region size 1024K, 4 young (4096K), 4 survivors (4096K)
 Metaspace       used 134706K, committed 136960K, reserved 1179648K
  class space    used 17087K, committed 18240K, reserved 1048576K
}
Event: 34.528 GC heap before
{Heap before GC invocations=30 (full 0):
 garbage-first heap   total 312320K, used 269659K [0x0000000080000000, 0x0000000100000000)
  region size 1024K, 83 young (84992K), 4 survivors (4096K)
 Metaspace       used 137133K, committed 139392K, reserved 1179648K
  class space    used 17319K, committed 18496K, reserved 1048576K
}
Event: 34.532 GC heap after
{Heap after GC invocations=31 (full 0):
 garbage-first heap   total 312320K, used 193400K [0x0000000080000000, 0x0000000100000000)
  region size 1024K, 9 young (9216K), 9 survivors (9216K)
 Metaspace       used 137133K, committed 139392K, reserved 1179648K
  class space    used 17319K, committed 18496K, reserved 1048576K
}
Event: 35.936 GC heap before
{Heap before GC invocations=31 (full 0):
 garbage-first heap   total 312320K, used 284536K [0x0000000080000000, 0x0000000100000000)
  region size 1024K, 94 young (96256K), 9 survivors (9216K)
 Metaspace       used 146358K, committed 148736K, reserved 1179648K
  class space    used 18425K, committed 19648K, reserved 1048576K
}
Event: 35.946 GC heap after
{Heap after GC invocations=32 (full 0):
 garbage-first heap   total 312320K, used 190548K [0x0000000080000000, 0x0000000100000000)
  region size 1024K, 6 young (6144K), 6 survivors (6144K)
 Metaspace       used 146358K, committed 148736K, reserved 1179648K
  class space    used 18425K, committed 19648K, reserved 1048576K
}
Event: 35.977 GC heap before
{Heap before GC invocations=32 (full 0):
 garbage-first heap   total 312320K, used 196692K [0x0000000080000000, 0x0000000100000000)
  region size 1024K, 13 young (13312K), 6 survivors (6144K)
 Metaspace       used 146366K, committed 148736K, reserved 1179648K
  class space    used 18425K, committed 19648K, reserved 1048576K
}
Event: 35.980 GC heap after
{Heap after GC invocations=33 (full 0):
 garbage-first heap   total 312320K, used 188117K [0x0000000080000000, 0x0000000100000000)
  region size 1024K, 7 young (7168K), 7 survivors (7168K)
 Metaspace       used 146366K, committed 148736K, reserved 1179648K
  class space    used 18425K, committed 19648K, reserved 1048576K
}
Event: 37.651 GC heap before
{Heap before GC invocations=34 (full 0):
 garbage-first heap   total 316416K, used 284373K [0x0000000080000000, 0x0000000100000000)
  region size 1024K, 101 young (103424K), 7 survivors (7168K)
 Metaspace       used 154581K, committed 157056K, reserved 1245184K
  class space    used 19502K, committed 20800K, reserved 1048576K
}
Event: 37.658 GC heap after
{Heap after GC invocations=35 (full 0):
 garbage-first heap   total 316416K, used 192891K [0x0000000080000000, 0x0000000100000000)
  region size 1024K, 11 young (11264K), 11 survivors (11264K)
 Metaspace       used 154581K, committed 157056K, reserved 1245184K
  class space    used 19502K, committed 20800K, reserved 1048576K
}
Event: 39.030 GC heap before
{Heap before GC invocations=35 (full 0):
 garbage-first heap   total 316416K, used 292219K [0x0000000080000000, 0x0000000100000000)
  region size 1024K, 104 young (106496K), 11 survivors (11264K)
 Metaspace       used 159822K, committed 162304K, reserved 1245184K
  class space    used 20110K, committed 21376K, reserved 1048576K
}
Event: 39.040 GC heap after
{Heap after GC invocations=36 (full 0):
 garbage-first heap   total 316416K, used 189924K [0x0000000080000000, 0x0000000100000000)
  region size 1024K, 10 young (10240K), 10 survivors (10240K)
 Metaspace       used 159822K, committed 162304K, reserved 1245184K
  class space    used 20110K, committed 21376K, reserved 1048576K
}
Event: 46.233 GC heap before
{Heap before GC invocations=36 (full 0):
 garbage-first heap   total 316416K, used 288228K [0x0000000080000000, 0x0000000100000000)
  region size 1024K, 107 young (109568K), 10 survivors (10240K)
 Metaspace       used 160476K, committed 163008K, reserved 1245184K
  class space    used 20161K, committed 21440K, reserved 1048576K
}
Event: 46.240 GC heap after
{Heap after GC invocations=37 (full 0):
 garbage-first heap   total 316416K, used 194777K [0x0000000080000000, 0x0000000100000000)
  region size 1024K, 10 young (10240K), 10 survivors (10240K)
 Metaspace       used 160476K, committed 163008K, reserved 1245184K
  class space    used 20161K, committed 21440K, reserved 1048576K
}

